<?xml version="1.0" encoding="UTF-8"?>
<testsuite xmlns:xsi="http://www.w3.org/2001/XMLSchema-instance" xsi:noNamespaceSchemaLocation="https://maven.apache.org/surefire/maven-surefire-plugin/xsd/surefire-test-report-3.0.xsd" version="3.0" name="edu.brown.cs.student.main.TrieTest" time="0.097" tests="7" errors="0" skipped="0" failures="3">
  <properties>
[...]
</properties>
  <testcase name="testEdgeCase" classname="edu.brown.cs.student.main.TrieTest" time="0.006"/>
  <testcase name="testLed" classname="edu.brown.cs.student.main.TrieTest" time="0"/>
  <testcase name="testAllWithPrefix" classname="edu.brown.cs.student.main.TrieTest" time="0.001"/>
  <testcase name="testWhitespace" classname="edu.brown.cs.student.main.TrieTest" time="0.017">
    <failure message="expected:&lt;1&gt; but was:&lt;0&gt;" type="java.lang.AssertionError"><![CDATA[java.lang.AssertionError: expected:<1> but was:<0>
	at edu.brown.cs.student.main.TrieTest.testWhitespace(TrieTest.java:105)
]]></failure>
  </testcase>
  <testcase name="testLedDistance" classname="edu.brown.cs.student.main.TrieTest" time="0">
    <failure message="expected:&lt;1&gt; but was:&lt;2&gt;" type="java.lang.AssertionError"><![CDATA[java.lang.AssertionError: expected:<1> but was:<2>
	at edu.brown.cs.student.main.TrieTest.testLedDistance(TrieTest.java:125)
]]></failure>
  </testcase>
  <testcase name="testHasWord" classname="edu.brown.cs.student.main.TrieTest" time="0">
    <failure type="java.lang.AssertionError"><![CDATA[java.lang.AssertionError
	at edu.brown.cs.student.main.TrieTest.testHasWord(TrieTest.java:71)
]]></failure>
  </testcase>
  <testcase name="testHasPrefix" classname="edu.brown.cs.student.main.TrieTest" time="0"/>
</testsuite>